<?xml version="1.0" encoding="UTF-8"?>
<!-- Generated by org.testng.reporters.JUnitReportReporter -->
<testsuite hostname="LAPTOP-1RMTB5SG" failures="0" tests="1" name="Scripts.TestCase1" time="14.542" errors="0" timestamp="2023-10-27T10:46:58 IST" skipped="0">
  <testcase classname="Scripts.TestCase1" name="tc1" time="14.542"/>
</testsuite> <!-- Scripts.TestCase1 -->
