<?xml version="1.0" encoding="UTF-8"?>
<!-- Generated by org.testng.reporters.JUnitReportReporter -->
<testsuite hostname="LAPTOP-1RMTB5SG" failures="0" tests="1" name="Scripts.TestCase2" time="8.441" errors="0" timestamp="2023-10-27T11:03:47 IST" skipped="0">
  <testcase classname="Scripts.TestCase2" name="tc2" time="8.441"/>
</testsuite> <!-- Scripts.TestCase2 -->
